..\char-server_sql.pdb
D:\BOHOLRO\CHAR-SERVER_SQL.EXE
D:\BOHOLRO\CHAR-SERVER_SQL.PDB
D:\boholro\vcproj-10\..\char-server_sql.exe
D:\boholro\vcproj-10\char-server_sql\Release\char.obj
D:\BOHOLRO\VCPROJ-10\CHAR-SERVER_SQL\RELEASE\CHAR-SERVER_SQL.EXE.INTERMEDIATE.MANIFEST
D:\boholro\vcproj-10\char-server_sql\Release\char-server_sql.write.1.tlog
D:\boholro\vcproj-10\char-server_sql\Release\CL.3172.read.1.tlog
D:\boholro\vcproj-10\char-server_sql\Release\CL.3172.write.1.tlog
D:\boholro\vcproj-10\char-server_sql\Release\CL.6052.read.1.tlog
D:\boholro\vcproj-10\char-server_sql\Release\CL.6052.write.1.tlog
D:\boholro\vcproj-10\char-server_sql\Release\cl.command.1.tlog
D:\boholro\vcproj-10\char-server_sql\Release\CL.read.1.tlog
D:\boholro\vcproj-10\char-server_sql\Release\cl.write.1.tlog
D:\boholro\vcproj-10\char-server_sql\Release\cli.obj
D:\boholro\vcproj-10\char-server_sql\Release\core.obj
D:\boholro\vcproj-10\char-server_sql\Release\db.obj
D:\boholro\vcproj-10\char-server_sql\Release\ers.obj
D:\boholro\vcproj-10\char-server_sql\Release\grammar.obj
D:\boholro\vcproj-10\char-server_sql\Release\int_auction.obj
D:\boholro\vcproj-10\char-server_sql\Release\int_elemental.obj
D:\boholro\vcproj-10\char-server_sql\Release\int_guild.obj
D:\boholro\vcproj-10\char-server_sql\Release\int_homun.obj
D:\boholro\vcproj-10\char-server_sql\Release\int_mail.obj
D:\boholro\vcproj-10\char-server_sql\Release\int_mercenary.obj
D:\boholro\vcproj-10\char-server_sql\Release\int_party.obj
D:\boholro\vcproj-10\char-server_sql\Release\int_pet.obj
D:\boholro\vcproj-10\char-server_sql\Release\int_quest.obj
D:\boholro\vcproj-10\char-server_sql\Release\int_storage.obj
D:\boholro\vcproj-10\char-server_sql\Release\inter.obj
D:\boholro\vcproj-10\char-server_sql\Release\libconfig.obj
D:\boholro\vcproj-10\char-server_sql\Release\link.command.1.tlog
D:\boholro\vcproj-10\char-server_sql\Release\link.read.1.tlog
D:\boholro\vcproj-10\char-server_sql\Release\link.write.1.tlog
D:\boholro\vcproj-10\char-server_sql\Release\malloc.obj
D:\boholro\vcproj-10\char-server_sql\Release\mapindex.obj
D:\boholro\vcproj-10\char-server_sql\Release\mempool.obj
D:\boholro\vcproj-10\char-server_sql\Release\msg_conf.obj
D:\boholro\vcproj-10\char-server_sql\Release\mt.command.1.tlog
D:\boholro\vcproj-10\char-server_sql\Release\mt.read.1.tlog
D:\boholro\vcproj-10\char-server_sql\Release\mt.write.1.tlog
D:\boholro\vcproj-10\char-server_sql\Release\mt19937ar.obj
D:\boholro\vcproj-10\char-server_sql\Release\mutex.obj
D:\boholro\vcproj-10\char-server_sql\Release\nullpo.obj
D:\boholro\vcproj-10\char-server_sql\Release\raconf.obj
D:\boholro\vcproj-10\char-server_sql\Release\random.obj
D:\boholro\vcproj-10\char-server_sql\Release\scanctx.obj
D:\boholro\vcproj-10\char-server_sql\Release\scanner.obj
D:\boholro\vcproj-10\char-server_sql\Release\showmsg.obj
D:\boholro\vcproj-10\char-server_sql\Release\socket.obj
D:\boholro\vcproj-10\char-server_sql\Release\sql.obj
D:\boholro\vcproj-10\char-server_sql\Release\strbuf.obj
D:\boholro\vcproj-10\char-server_sql\Release\strlib.obj
D:\boholro\vcproj-10\char-server_sql\Release\thread.obj
D:\boholro\vcproj-10\char-server_sql\Release\timer.obj
D:\boholro\vcproj-10\char-server_sql\Release\utils.obj
D:\BOHOLRO\VCPROJ-10\CHAR-SERVER_SQL\RELEASE\VC100.PDB
