This file contains any messages produced by compilers while
running configure, to aid debugging if configure makes a mistake.

It was created by configure, which was
generated by GNU Autoconf 2.69.  Invocation command line was

  $ ./configure --enable-64bit

## --------- ##
## Platform. ##
## --------- ##

hostname = boholro
uname -m = i686
uname -r = 2.6.32-042stab090.2
uname -s = Linux
uname -v = #1 SMP Wed May 21 19:25:03 MSK 2014

/usr/bin/uname -p = unknown
/bin/uname -X     = unknown

/bin/arch              = i686
/usr/bin/arch -k       = unknown
/usr/convex/getsysinfo = unknown
/usr/bin/hostinfo      = unknown
/bin/machine           = unknown
/usr/bin/oslevel       = unknown
/bin/universe          = unknown

PATH: /usr/kerberos/sbin
PATH: /usr/kerberos/bin
PATH: /usr/local/sbin
PATH: /usr/local/bin
PATH: /sbin
PATH: /bin
PATH: /usr/sbin
PATH: /usr/bin
PATH: /root/bin


## ----------- ##
## Core tests. ##
## ----------- ##

configure:2213: checking for gcc
configure:2229: found /usr/bin/gcc
configure:2240: result: gcc
configure:2469: checking for C compiler version
configure:2478: gcc --version >&5
gcc (GCC) 4.1.2 20080704 (Red Hat 4.1.2-54)
Copyright (C) 2006 Free Software Foundation, Inc.
This is free software; see the source for copying conditions.  There is NO
warranty; not even for MERCHANTABILITY or FITNESS FOR A PARTICULAR PURPOSE.

configure:2489: $? = 0
configure:2478: gcc -v >&5
Using built-in specs.
Target: i386-redhat-linux
Configured with: ../configure --prefix=/usr --mandir=/usr/share/man --infodir=/usr/share/info --enable-shared --enable-threads=posix --enable-checking=release --with-system-zlib --enable-__cxa_atexit --disable-libunwind-exceptions --enable-libgcj-multifile --enable-languages=c,c++,objc,obj-c++,java,fortran,ada --enable-java-awt=gtk --disable-dssi --disable-plugin --with-java-home=/usr/lib/jvm/java-1.4.2-gcj-1.4.2.0/jre --with-cpu=generic --host=i386-redhat-linux
Thread model: posix
gcc version 4.1.2 20080704 (Red Hat 4.1.2-54)
configure:2489: $? = 0
configure:2478: gcc -V >&5
gcc: '-V' option must have argument
configure:2489: $? = 1
configure:2478: gcc -qversion >&5
gcc: unrecognized option '-qversion'
gcc: no input files
configure:2489: $? = 1
configure:2509: checking whether the C compiler works
configure:2531: gcc    conftest.c  >&5
configure:2535: $? = 0
configure:2583: result: yes
configure:2586: checking for C compiler default output file name
configure:2588: result: a.out
configure:2594: checking for suffix of executables
configure:2601: gcc -o conftest    conftest.c  >&5
configure:2605: $? = 0
configure:2627: result: 
configure:2649: checking whether we are cross compiling
configure:2657: gcc -o conftest    conftest.c  >&5
configure:2661: $? = 0
configure:2668: ./conftest
configure:2672: $? = 0
configure:2687: result: no
configure:2692: checking for suffix of object files
configure:2714: gcc -c   conftest.c >&5
configure:2718: $? = 0
configure:2739: result: o
configure:2743: checking whether we are using the GNU C compiler
configure:2762: gcc -c   conftest.c >&5
configure:2762: $? = 0
configure:2771: result: yes
configure:2780: checking whether gcc accepts -g
configure:2800: gcc -c -g  conftest.c >&5
configure:2800: $? = 0
configure:2841: result: yes
configure:2858: checking for gcc option to accept ISO C89
configure:2921: gcc  -c -g -O2  conftest.c >&5
configure:2921: $? = 0
configure:2934: result: none needed
configure:2960: checking how to run the C preprocessor
configure:2991: gcc -E  conftest.c
configure:2991: $? = 0
configure:3005: gcc -E  conftest.c
conftest.c:9:28: error: ac_nonexistent.h: No such file or directory
configure:3005: $? = 1
configure: failed program was:
| /* confdefs.h */
| #define PACKAGE_NAME ""
| #define PACKAGE_TARNAME ""
| #define PACKAGE_VERSION ""
| #define PACKAGE_STRING ""
| #define PACKAGE_BUGREPORT ""
| #define PACKAGE_URL ""
| /* end confdefs.h.  */
| #include <ac_nonexistent.h>
configure:3030: result: gcc -E
configure:3050: gcc -E  conftest.c
configure:3050: $? = 0
configure:3064: gcc -E  conftest.c
conftest.c:9:28: error: ac_nonexistent.h: No such file or directory
configure:3064: $? = 1
configure: failed program was:
| /* confdefs.h */
| #define PACKAGE_NAME ""
| #define PACKAGE_TARNAME ""
| #define PACKAGE_VERSION ""
| #define PACKAGE_STRING ""
| #define PACKAGE_BUGREPORT ""
| #define PACKAGE_URL ""
| /* end confdefs.h.  */
| #include <ac_nonexistent.h>
configure:3093: checking for grep that handles long lines and -e
configure:3151: result: /bin/grep
configure:3156: checking for egrep
configure:3218: result: /bin/grep -E
configure:3223: checking for ANSI C header files
configure:3243: gcc -c -g -O2  conftest.c >&5
configure:3243: $? = 0
configure:3316: gcc -o conftest -g -O2   conftest.c  >&5
configure:3316: $? = 0
configure:3316: ./conftest
configure:3316: $? = 0
configure:3327: result: yes
configure:3340: checking for sys/types.h
configure:3340: gcc -c -g -O2  conftest.c >&5
configure:3340: $? = 0
configure:3340: result: yes
configure:3340: checking for sys/stat.h
configure:3340: gcc -c -g -O2  conftest.c >&5
configure:3340: $? = 0
configure:3340: result: yes
configure:3340: checking for stdlib.h
configure:3340: gcc -c -g -O2  conftest.c >&5
configure:3340: $? = 0
configure:3340: result: yes
configure:3340: checking for string.h
configure:3340: gcc -c -g -O2  conftest.c >&5
configure:3340: $? = 0
configure:3340: result: yes
configure:3340: checking for memory.h
configure:3340: gcc -c -g -O2  conftest.c >&5
configure:3340: $? = 0
configure:3340: result: yes
configure:3340: checking for strings.h
configure:3340: gcc -c -g -O2  conftest.c >&5
configure:3340: $? = 0
configure:3340: result: yes
configure:3340: checking for inttypes.h
configure:3340: gcc -c -g -O2  conftest.c >&5
configure:3340: $? = 0
configure:3340: result: yes
configure:3340: checking for stdint.h
configure:3340: gcc -c -g -O2  conftest.c >&5
configure:3340: $? = 0
configure:3340: result: yes
configure:3340: checking for unistd.h
configure:3340: gcc -c -g -O2  conftest.c >&5
configure:3340: $? = 0
configure:3340: result: yes
configure:3353: checking minix/config.h usability
configure:3353: gcc -c -g -O2  conftest.c >&5
conftest.c:52:26: error: minix/config.h: No such file or directory
configure:3353: $? = 1
configure: failed program was:
| /* confdefs.h */
| #define PACKAGE_NAME ""
| #define PACKAGE_TARNAME ""
| #define PACKAGE_VERSION ""
| #define PACKAGE_STRING ""
| #define PACKAGE_BUGREPORT ""
| #define PACKAGE_URL ""
| #define STDC_HEADERS 1
| #define HAVE_SYS_TYPES_H 1
| #define HAVE_SYS_STAT_H 1
| #define HAVE_STDLIB_H 1
| #define HAVE_STRING_H 1
| #define HAVE_MEMORY_H 1
| #define HAVE_STRINGS_H 1
| #define HAVE_INTTYPES_H 1
| #define HAVE_STDINT_H 1
| #define HAVE_UNISTD_H 1
| /* end confdefs.h.  */
| #include <stdio.h>
| #ifdef HAVE_SYS_TYPES_H
| # include <sys/types.h>
| #endif
| #ifdef HAVE_SYS_STAT_H
| # include <sys/stat.h>
| #endif
| #ifdef STDC_HEADERS
| # include <stdlib.h>
| # include <stddef.h>
| #else
| # ifdef HAVE_STDLIB_H
| #  include <stdlib.h>
| # endif
| #endif
| #ifdef HAVE_STRING_H
| # if !defined STDC_HEADERS && defined HAVE_MEMORY_H
| #  include <memory.h>
| # endif
| # include <string.h>
| #endif
| #ifdef HAVE_STRINGS_H
| # include <strings.h>
| #endif
| #ifdef HAVE_INTTYPES_H
| # include <inttypes.h>
| #endif
| #ifdef HAVE_STDINT_H
| # include <stdint.h>
| #endif
| #ifdef HAVE_UNISTD_H
| # include <unistd.h>
| #endif
| #include <minix/config.h>
configure:3353: result: no
configure:3353: checking minix/config.h presence
configure:3353: gcc -E  conftest.c
conftest.c:19:26: error: minix/config.h: No such file or directory
configure:3353: $? = 1
configure: failed program was:
| /* confdefs.h */
| #define PACKAGE_NAME ""
| #define PACKAGE_TARNAME ""
| #define PACKAGE_VERSION ""
| #define PACKAGE_STRING ""
| #define PACKAGE_BUGREPORT ""
| #define PACKAGE_URL ""
| #define STDC_HEADERS 1
| #define HAVE_SYS_TYPES_H 1
| #define HAVE_SYS_STAT_H 1
| #define HAVE_STDLIB_H 1
| #define HAVE_STRING_H 1
| #define HAVE_MEMORY_H 1
| #define HAVE_STRINGS_H 1
| #define HAVE_INTTYPES_H 1
| #define HAVE_STDINT_H 1
| #define HAVE_UNISTD_H 1
| /* end confdefs.h.  */
| #include <minix/config.h>
configure:3353: result: no
configure:3353: checking for minix/config.h
configure:3353: result: no
configure:3374: checking whether it is safe to define __EXTENSIONS__
configure:3392: gcc -c -g -O2  conftest.c >&5
configure:3392: $? = 0
configure:3399: result: yes
configure:3719: checking whether make sets $(MAKE)
configure:3741: result: yes
configure:3798: checking for gcc
configure:3825: result: gcc
configure:4054: checking for C compiler version
configure:4063: gcc --version >&5
gcc (GCC) 4.1.2 20080704 (Red Hat 4.1.2-54)
Copyright (C) 2006 Free Software Foundation, Inc.
This is free software; see the source for copying conditions.  There is NO
warranty; not even for MERCHANTABILITY or FITNESS FOR A PARTICULAR PURPOSE.

configure:4074: $? = 0
configure:4063: gcc -v >&5
Using built-in specs.
Target: i386-redhat-linux
Configured with: ../configure --prefix=/usr --mandir=/usr/share/man --infodir=/usr/share/info --enable-shared --enable-threads=posix --enable-checking=release --with-system-zlib --enable-__cxa_atexit --disable-libunwind-exceptions --enable-libgcj-multifile --enable-languages=c,c++,objc,obj-c++,java,fortran,ada --enable-java-awt=gtk --disable-dssi --disable-plugin --with-java-home=/usr/lib/jvm/java-1.4.2-gcj-1.4.2.0/jre --with-cpu=generic --host=i386-redhat-linux
Thread model: posix
gcc version 4.1.2 20080704 (Red Hat 4.1.2-54)
configure:4074: $? = 0
configure:4063: gcc -V >&5
gcc: '-V' option must have argument
configure:4074: $? = 1
configure:4063: gcc -qversion >&5
gcc: unrecognized option '-qversion'
gcc: no input files
configure:4074: $? = 1
configure:4078: checking whether we are using the GNU C compiler
configure:4106: result: yes
configure:4115: checking whether gcc accepts -g
configure:4176: result: yes
configure:4193: checking for gcc option to accept ISO C89
configure:4269: result: none needed
configure:4294: checking how to run the C preprocessor
configure:4364: result: gcc -E
configure:4384: gcc -E  conftest.c
configure:4384: $? = 0
configure:4398: gcc -E  conftest.c
conftest.c:24:28: error: ac_nonexistent.h: No such file or directory
configure:4398: $? = 1
configure: failed program was:
| /* confdefs.h */
| #define PACKAGE_NAME ""
| #define PACKAGE_TARNAME ""
| #define PACKAGE_VERSION ""
| #define PACKAGE_STRING ""
| #define PACKAGE_BUGREPORT ""
| #define PACKAGE_URL ""
| #define STDC_HEADERS 1
| #define HAVE_SYS_TYPES_H 1
| #define HAVE_SYS_STAT_H 1
| #define HAVE_STDLIB_H 1
| #define HAVE_STRING_H 1
| #define HAVE_MEMORY_H 1
| #define HAVE_STRINGS_H 1
| #define HAVE_INTTYPES_H 1
| #define HAVE_STDINT_H 1
| #define HAVE_UNISTD_H 1
| #define __EXTENSIONS__ 1
| #define _ALL_SOURCE 1
| #define _GNU_SOURCE 1
| #define _POSIX_PTHREAD_SEMANTICS 1
| #define _TANDEM_SOURCE 1
| /* end confdefs.h.  */
| #include <ac_nonexistent.h>
configure:4428: checking for ar
configure:4446: found /usr/bin/ar
configure:4458: result: /usr/bin/ar
configure:4478: checking whether byte ordering is bigendian
configure:4493: gcc -c -g -O2 -DMAXCONN=16384 -pipe -ffast-math -Wall  -I../common conftest.c >&5
conftest.c:25: error: expected '=', ',', ';', 'asm' or '__attribute__' before 'a'
configure:4493: $? = 1
configure: failed program was:
| /* confdefs.h */
| #define PACKAGE_NAME ""
| #define PACKAGE_TARNAME ""
| #define PACKAGE_VERSION ""
| #define PACKAGE_STRING ""
| #define PACKAGE_BUGREPORT ""
| #define PACKAGE_URL ""
| #define STDC_HEADERS 1
| #define HAVE_SYS_TYPES_H 1
| #define HAVE_SYS_STAT_H 1
| #define HAVE_STDLIB_H 1
| #define HAVE_STRING_H 1
| #define HAVE_MEMORY_H 1
| #define HAVE_STRINGS_H 1
| #define HAVE_INTTYPES_H 1
| #define HAVE_STDINT_H 1
| #define HAVE_UNISTD_H 1
| #define __EXTENSIONS__ 1
| #define _ALL_SOURCE 1
| #define _GNU_SOURCE 1
| #define _POSIX_PTHREAD_SEMANTICS 1
| #define _TANDEM_SOURCE 1
| /* end confdefs.h.  */
| #ifndef __APPLE_CC__
| 	       not a universal capable compiler
| 	     #endif
| 	     typedef int dummy;
| 
configure:4538: gcc -c -g -O2 -DMAXCONN=16384 -pipe -ffast-math -Wall  -I../common conftest.c >&5
configure:4538: $? = 0
configure:4556: gcc -c -g -O2 -DMAXCONN=16384 -pipe -ffast-math -Wall  -I../common conftest.c >&5
conftest.c: In function 'main':
conftest.c:31: error: 'not' undeclared (first use in this function)
conftest.c:31: error: (Each undeclared identifier is reported only once
conftest.c:31: error: for each function it appears in.)
conftest.c:31: error: expected ';' before 'big'
configure:4556: $? = 1
configure: failed program was:
| /* confdefs.h */
| #define PACKAGE_NAME ""
| #define PACKAGE_TARNAME ""
| #define PACKAGE_VERSION ""
| #define PACKAGE_STRING ""
| #define PACKAGE_BUGREPORT ""
| #define PACKAGE_URL ""
| #define STDC_HEADERS 1
| #define HAVE_SYS_TYPES_H 1
| #define HAVE_SYS_STAT_H 1
| #define HAVE_STDLIB_H 1
| #define HAVE_STRING_H 1
| #define HAVE_MEMORY_H 1
| #define HAVE_STRINGS_H 1
| #define HAVE_INTTYPES_H 1
| #define HAVE_STDINT_H 1
| #define HAVE_UNISTD_H 1
| #define __EXTENSIONS__ 1
| #define _ALL_SOURCE 1
| #define _GNU_SOURCE 1
| #define _POSIX_PTHREAD_SEMANTICS 1
| #define _TANDEM_SOURCE 1
| /* end confdefs.h.  */
| #include <sys/types.h>
| 		#include <sys/param.h>
| 
| int
| main ()
| {
| #if BYTE_ORDER != BIG_ENDIAN
| 		 not big endian
| 		#endif
| 
|   ;
|   return 0;
| }
configure:4684: result: no
configure:4753: checking whether gcc produces 32bit code
configure:4771: gcc -o conftest -g -O2 -DMAXCONN=16384 -pipe -ffast-math -Wall  -I../common  conftest.c  >&5
configure:4771: $? = 0
configure:4771: ./conftest
configure:4771: $? = 0
configure:4773: result: yes
configure:4794: checking whether gcc supports __thread specifier (TLS)
configure:4813: gcc -o conftest -g -O2 -DMAXCONN=16384 -pipe -ffast-math -Wall -march=i686  -I../common  -march=i686 conftest.c  >&5
configure:4813: $? = 0
configure:4813: ./conftest
configure:4813: $? = 0
configure:4815: result: yes
configure:4832: checking whether gcc supports -Wno-unused-parameter
configure:4840: gcc -c -g -O2 -DMAXCONN=16384 -pipe -ffast-math -Wall -march=i686 -DHAS_TLS -Wno-unused-parameter  -I../common conftest.c >&5
configure:4840: $? = 0
configure:4841: result: no
configure:4866: checking whether gcc supports -flto
configure:4883: gcc -o conftest -g -O2 -DMAXCONN=16384 -pipe -ffast-math -Wall -march=i686 -DHAS_TLS -flto  -I../common  -march=i686 -flto conftest.c  >&5
cc1: error: unrecognized command line option "-flto"
cc1: error: unrecognized command line option "-flto"
configure:4883: $? = 1
configure: program exited with status 1
configure: failed program was:
| /* confdefs.h */
| #define PACKAGE_NAME ""
| #define PACKAGE_TARNAME ""
| #define PACKAGE_VERSION ""
| #define PACKAGE_STRING ""
| #define PACKAGE_BUGREPORT ""
| #define PACKAGE_URL ""
| #define STDC_HEADERS 1
| #define HAVE_SYS_TYPES_H 1
| #define HAVE_SYS_STAT_H 1
| #define HAVE_STDLIB_H 1
| #define HAVE_STRING_H 1
| #define HAVE_MEMORY_H 1
| #define HAVE_STRINGS_H 1
| #define HAVE_INTTYPES_H 1
| #define HAVE_STDINT_H 1
| #define HAVE_UNISTD_H 1
| #define __EXTENSIONS__ 1
| #define _ALL_SOURCE 1
| #define _GNU_SOURCE 1
| #define _POSIX_PTHREAD_SEMANTICS 1
| #define _TANDEM_SOURCE 1
| /* end confdefs.h.  */
| 
| 			int main(int argc, char **argv){
|                return 0;
|            }
| 
configure:4890: result: no
configure:4904: checking whether gcc supports -Wno-pointer-sign
configure:4912: gcc -c -g -O2 -DMAXCONN=16384 -pipe -ffast-math -Wall -march=i686 -DHAS_TLS -Wno-pointer-sign  -I../common conftest.c >&5
configure:4912: $? = 0
configure:4914: result: yes
configure:4916: checking whether gcc can actually use -Wno-pointer-sign
configure:4925: gcc -c -g -O2 -DMAXCONN=16384 -pipe -ffast-math -Wall -march=i686 -DHAS_TLS -Werror -Wno-pointer-sign  -I../common conftest.c >&5
configure:4925: $? = 0
configure:4927: result: yes
configure:4951: checking whether gcc supports -Wno-switch
configure:4959: gcc -c -g -O2 -DMAXCONN=16384 -pipe -ffast-math -Wall -march=i686 -DHAS_TLS -Wno-switch  -I../common conftest.c >&5
configure:4959: $? = 0
configure:4960: result: yes
configure:4974: checking whether gcc supports -fPIC
configure:4982: gcc -c -g -O2 -DMAXCONN=16384 -pipe -ffast-math -Wall -march=i686 -DHAS_TLS -Wno-switch -fPIC  -I../common conftest.c >&5
configure:4982: $? = 0
configure:4984: result: yes
configure:5003: checking whether gcc supports -fno-strict-aliasing
configure:5011: gcc -c -g -O2 -DMAXCONN=16384 -pipe -ffast-math -Wall -march=i686 -DHAS_TLS -Wno-switch -fno-strict-aliasing  -I../common conftest.c >&5
configure:5011: $? = 0
configure:5012: result: yes
configure:5027: checking whether gcc supports -Wconversion
configure:5035: gcc -c -g -O2 -DMAXCONN=16384 -pipe -ffast-math -Wall -march=i686 -DHAS_TLS -Wno-switch -fno-strict-aliasing -Wconversion  -I../common conftest.c >&5
configure:5035: $? = 0
configure:5037: result: yes
configure:5058: checking for setrlimit
configure:5058: gcc -o conftest -g -O2 -DMAXCONN=16384 -pipe -ffast-math -Wall -march=i686 -DHAS_TLS -Wno-switch -fno-strict-aliasing  -I../common  -march=i686 conftest.c  >&5
configure:5058: $? = 0
configure:5058: result: yes
configure:5068: checking for strnlen
configure:5068: gcc -o conftest -g -O2 -DMAXCONN=16384 -pipe -ffast-math -Wall -march=i686 -DHAS_TLS -Wno-switch -fno-strict-aliasing -DHAVE_SETRLIMIT  -I../common  -march=i686 conftest.c  >&5
configure:5068: $? = 0
configure:5068: result: yes
configure:5077: checking for uselocale
configure:5077: gcc -o conftest -g -O2 -DMAXCONN=16384 -pipe -ffast-math -Wall -march=i686 -DHAS_TLS -Wno-switch -fno-strict-aliasing -DHAVE_SETRLIMIT -DHAVE_STRNLEN  -I../common  -march=i686 conftest.c  >&5
configure:5077: $? = 0
configure:5077: result: yes
configure:5088: checking for newlocale
configure:5088: gcc -o conftest -g -O2 -DMAXCONN=16384 -pipe -ffast-math -Wall -march=i686 -DHAS_TLS -Wno-switch -fno-strict-aliasing -DHAVE_SETRLIMIT -DHAVE_STRNLEN  -I../common  -march=i686 conftest.c  >&5
configure:5088: $? = 0
configure:5088: result: yes
configure:5099: checking for freelocale
configure:5099: gcc -o conftest -g -O2 -DMAXCONN=16384 -pipe -ffast-math -Wall -march=i686 -DHAS_TLS -Wno-switch -fno-strict-aliasing -DHAVE_SETRLIMIT -DHAVE_STRNLEN  -I../common  -march=i686 conftest.c  >&5
configure:5099: $? = 0
configure:5099: result: yes
configure:5110: checking xlocale.h usability
configure:5110: gcc -c -g -O2 -DMAXCONN=16384 -pipe -ffast-math -Wall -march=i686 -DHAS_TLS -Wno-switch -fno-strict-aliasing -DHAVE_SETRLIMIT -DHAVE_STRNLEN  -I../common conftest.c >&5
configure:5110: $? = 0
configure:5110: result: yes
configure:5110: checking xlocale.h presence
configure:5110: gcc -E  -I../common conftest.c
configure:5110: $? = 0
configure:5110: result: yes
configure:5110: checking for xlocale.h
configure:5110: result: yes
configure:5257: checking for inflateEnd in -lz
configure:5282: gcc -o conftest -g -O2 -DMAXCONN=16384 -pipe -ffast-math -Wall -march=i686 -DHAS_TLS -Wno-switch -fno-strict-aliasing -DHAVE_SETRLIMIT -DHAVE_STRNLEN  -Wno-pointer-sign  -I../common -I/usr/include  -march=i686 -L/usr/lib conftest.c -lz   >&5
configure:5282: $? = 0
configure:5291: result: yes
configure:5304: checking zlib.h usability
configure:5304: gcc -c -g -O2 -DMAXCONN=16384 -pipe -ffast-math -Wall -march=i686 -DHAS_TLS -Wno-switch -fno-strict-aliasing -DHAVE_SETRLIMIT -DHAVE_STRNLEN  -Wno-pointer-sign  -I../common -I/usr/include conftest.c >&5
configure:5304: $? = 0
configure:5304: result: yes
configure:5304: checking zlib.h presence
configure:5304: gcc -E  -I../common -I/usr/include conftest.c
configure:5304: $? = 0
configure:5304: result: yes
configure:5304: checking for zlib.h
configure:5304: result: yes
configure:5317: checking for library containing sqrt
configure:5348: gcc -o conftest -g -O2 -DMAXCONN=16384 -pipe -ffast-math -Wall -march=i686 -DHAS_TLS -Wno-switch -fno-strict-aliasing -DHAVE_SETRLIMIT -DHAVE_STRNLEN  -Wno-pointer-sign  -I../common -I/usr/include  -march=i686 -L/usr/lib conftest.c -lz  >&5
conftest.c:36: warning: conflicting types for built-in function 'sqrt'
/tmp/ccbdLsbC.o: In function `main':
/home/boholro/conftest.c:40: undefined reference to `sqrt'
collect2: ld returned 1 exit status
configure:5348: $? = 1
configure: failed program was:
| /* confdefs.h */
| #define PACKAGE_NAME ""
| #define PACKAGE_TARNAME ""
| #define PACKAGE_VERSION ""
| #define PACKAGE_STRING ""
| #define PACKAGE_BUGREPORT ""
| #define PACKAGE_URL ""
| #define STDC_HEADERS 1
| #define HAVE_SYS_TYPES_H 1
| #define HAVE_SYS_STAT_H 1
| #define HAVE_STDLIB_H 1
| #define HAVE_STRING_H 1
| #define HAVE_MEMORY_H 1
| #define HAVE_STRINGS_H 1
| #define HAVE_INTTYPES_H 1
| #define HAVE_STDINT_H 1
| #define HAVE_UNISTD_H 1
| #define __EXTENSIONS__ 1
| #define _ALL_SOURCE 1
| #define _GNU_SOURCE 1
| #define _POSIX_PTHREAD_SEMANTICS 1
| #define _TANDEM_SOURCE 1
| #define HAVE_USELOCALE 1
| #define HAVE_NEWLOCALE 1
| #define HAVE_FREELOCALE 1
| #define HAVE_XLOCALE_H 1
| #define HAVE_LIBZ 1
| /* end confdefs.h.  */
| 
| /* Override any GCC internal prototype to avoid an error.
|    Use char because int might match the return type of a GCC
|    builtin and then its argument prototype would still apply.  */
| #ifdef __cplusplus
| extern "C"
| #endif
| char sqrt ();
| int
| main ()
| {
| return sqrt ();
|   ;
|   return 0;
| }
configure:5348: gcc -o conftest -g -O2 -DMAXCONN=16384 -pipe -ffast-math -Wall -march=i686 -DHAS_TLS -Wno-switch -fno-strict-aliasing -DHAVE_SETRLIMIT -DHAVE_STRNLEN  -Wno-pointer-sign  -I../common -I/usr/include  -march=i686 -L/usr/lib conftest.c -lm  -lz  >&5
conftest.c:36: warning: conflicting types for built-in function 'sqrt'
configure:5348: $? = 0
configure:5365: result: -lm
configure:5380: checking for library containing clock_gettime
configure:5411: gcc -o conftest -g -O2 -DMAXCONN=16384 -pipe -ffast-math -Wall -march=i686 -DHAS_TLS -Wno-switch -fno-strict-aliasing -DHAVE_SETRLIMIT -DHAVE_STRNLEN  -Wno-pointer-sign  -I../common -I/usr/include  -march=i686 -L/usr/lib conftest.c -lm -lz  >&5
/tmp/ccobjR5I.o: In function `main':
/home/boholro/conftest.c:40: undefined reference to `clock_gettime'
collect2: ld returned 1 exit status
configure:5411: $? = 1
configure: failed program was:
| /* confdefs.h */
| #define PACKAGE_NAME ""
| #define PACKAGE_TARNAME ""
| #define PACKAGE_VERSION ""
| #define PACKAGE_STRING ""
| #define PACKAGE_BUGREPORT ""
| #define PACKAGE_URL ""
| #define STDC_HEADERS 1
| #define HAVE_SYS_TYPES_H 1
| #define HAVE_SYS_STAT_H 1
| #define HAVE_STDLIB_H 1
| #define HAVE_STRING_H 1
| #define HAVE_MEMORY_H 1
| #define HAVE_STRINGS_H 1
| #define HAVE_INTTYPES_H 1
| #define HAVE_STDINT_H 1
| #define HAVE_UNISTD_H 1
| #define __EXTENSIONS__ 1
| #define _ALL_SOURCE 1
| #define _GNU_SOURCE 1
| #define _POSIX_PTHREAD_SEMANTICS 1
| #define _TANDEM_SOURCE 1
| #define HAVE_USELOCALE 1
| #define HAVE_NEWLOCALE 1
| #define HAVE_FREELOCALE 1
| #define HAVE_XLOCALE_H 1
| #define HAVE_LIBZ 1
| /* end confdefs.h.  */
| 
| /* Override any GCC internal prototype to avoid an error.
|    Use char because int might match the return type of a GCC
|    builtin and then its argument prototype would still apply.  */
| #ifdef __cplusplus
| extern "C"
| #endif
| char clock_gettime ();
| int
| main ()
| {
| return clock_gettime ();
|   ;
|   return 0;
| }
configure:5411: gcc -o conftest -g -O2 -DMAXCONN=16384 -pipe -ffast-math -Wall -march=i686 -DHAS_TLS -Wno-switch -fno-strict-aliasing -DHAVE_SETRLIMIT -DHAVE_STRNLEN  -Wno-pointer-sign  -I../common -I/usr/include  -march=i686 -L/usr/lib conftest.c -lrt  -lm -lz  >&5
configure:5411: $? = 0
configure:5428: result: -lrt
configure:5447: checking whether CLOCK_MONOTONIC is supported and works
configure:5470: gcc -o conftest -g -O2 -DMAXCONN=16384 -pipe -ffast-math -Wall -march=i686 -DHAS_TLS -Wno-switch -fno-strict-aliasing -DHAVE_SETRLIMIT -DHAVE_STRNLEN  -Wno-pointer-sign  -I../common -I/usr/include  -march=i686 -L/usr/lib conftest.c -lrt -lm -lz  >&5
configure:5470: $? = 0
configure:5470: ./conftest
configure:5470: $? = 0
configure:5472: result: yes
configure:5494: checking for pthread_create in -lpthread
configure:5519: gcc -o conftest -g -O2 -DMAXCONN=16384 -pipe -ffast-math -Wall -march=i686 -DHAS_TLS -Wno-switch -fno-strict-aliasing -DHAVE_SETRLIMIT -DHAVE_STRNLEN  -Wno-pointer-sign -DHAVE_MONOTONIC_CLOCK  -I../common -I/usr/include  -march=i686 -L/usr/lib conftest.c -lpthread  -lrt -lm -lz  >&5
configure:5519: $? = 0
configure:5528: result: yes
configure:5541: checking for pthread_sigmask in -lpthread
configure:5566: gcc -o conftest -g -O2 -DMAXCONN=16384 -pipe -ffast-math -Wall -march=i686 -DHAS_TLS -Wno-switch -fno-strict-aliasing -DHAVE_SETRLIMIT -DHAVE_STRNLEN  -Wno-pointer-sign -DHAVE_MONOTONIC_CLOCK  -I../common -I/usr/include  -march=i686 -L/usr/lib conftest.c -lpthread  -lpthread -lrt -lm -lz  >&5
configure:5566: $? = 0
configure:5575: result: yes
configure:5588: checking for pthread_attr_init in -lpthread
configure:5613: gcc -o conftest -g -O2 -DMAXCONN=16384 -pipe -ffast-math -Wall -march=i686 -DHAS_TLS -Wno-switch -fno-strict-aliasing -DHAVE_SETRLIMIT -DHAVE_STRNLEN  -Wno-pointer-sign -DHAVE_MONOTONIC_CLOCK  -I../common -I/usr/include  -march=i686 -L/usr/lib conftest.c -lpthread  -lpthread -lpthread -lrt -lm -lz  >&5
configure:5613: $? = 0
configure:5622: result: yes
configure:5635: checking for pthread_attr_setstacksize in -lpthread
configure:5660: gcc -o conftest -g -O2 -DMAXCONN=16384 -pipe -ffast-math -Wall -march=i686 -DHAS_TLS -Wno-switch -fno-strict-aliasing -DHAVE_SETRLIMIT -DHAVE_STRNLEN  -Wno-pointer-sign -DHAVE_MONOTONIC_CLOCK  -I../common -I/usr/include  -march=i686 -L/usr/lib conftest.c -lpthread  -lpthread -lpthread -lpthread -lrt -lm -lz  >&5
configure:5660: $? = 0
configure:5669: result: yes
configure:5682: checking for pthread_attr_destroy in -lpthread
configure:5707: gcc -o conftest -g -O2 -DMAXCONN=16384 -pipe -ffast-math -Wall -march=i686 -DHAS_TLS -Wno-switch -fno-strict-aliasing -DHAVE_SETRLIMIT -DHAVE_STRNLEN  -Wno-pointer-sign -DHAVE_MONOTONIC_CLOCK  -I../common -I/usr/include  -march=i686 -L/usr/lib conftest.c -lpthread  -lpthread -lpthread -lpthread -lpthread -lrt -lm -lz  >&5
configure:5707: $? = 0
configure:5716: result: yes
configure:5729: checking for pthread_cancel in -lpthread
configure:5754: gcc -o conftest -g -O2 -DMAXCONN=16384 -pipe -ffast-math -Wall -march=i686 -DHAS_TLS -Wno-switch -fno-strict-aliasing -DHAVE_SETRLIMIT -DHAVE_STRNLEN  -Wno-pointer-sign -DHAVE_MONOTONIC_CLOCK  -I../common -I/usr/include  -march=i686 -L/usr/lib conftest.c -lpthread  -lpthread -lpthread -lpthread -lpthread -lpthread -lrt -lm -lz  >&5
configure:5754: $? = 0
configure:5763: result: yes
configure:5776: checking for pthread_join in -lpthread
configure:5801: gcc -o conftest -g -O2 -DMAXCONN=16384 -pipe -ffast-math -Wall -march=i686 -DHAS_TLS -Wno-switch -fno-strict-aliasing -DHAVE_SETRLIMIT -DHAVE_STRNLEN  -Wno-pointer-sign -DHAVE_MONOTONIC_CLOCK  -I../common -I/usr/include  -march=i686 -L/usr/lib conftest.c -lpthread  -lpthread -lpthread -lpthread -lpthread -lpthread -lpthread -lrt -lm -lz  >&5
configure:5801: $? = 0
configure:5810: result: yes
configure:5834: checking for mysql_config
configure:5852: found /usr/bin/mysql_config
configure:5865: result: /usr/bin/mysql_config
configure:5889: checking for mysql_init in -lmysqlclient
configure:5914: gcc -o conftest -g -O2 -DMAXCONN=16384 -pipe -ffast-math -Wall -march=i686 -DHAS_TLS -Wno-switch -fno-strict-aliasing -DHAVE_SETRLIMIT -DHAVE_STRNLEN  -Wno-pointer-sign -DHAVE_MONOTONIC_CLOCK  -I../common -I/usr/include -I/usr/include/mysql  -march=i686 -L/usr/lib -lpthread -rdynamic -L/usr/lib/mysql -lmysqlclient -lz -lcrypt -lnsl -lm -L/usr/lib -lssl -lcrypto conftest.c -lmysqlclient  -lpthread -lpthread -lpthread -lpthread -lpthread -lpthread -lpthread -lrt -lm -lz  >&5
configure:5914: $? = 0
configure:5923: result: yes
configure:5929: checking mysql.h usability
configure:5929: gcc -c -g -O2 -DMAXCONN=16384 -pipe -ffast-math -Wall -march=i686 -DHAS_TLS -Wno-switch -fno-strict-aliasing -DHAVE_SETRLIMIT -DHAVE_STRNLEN  -Wno-pointer-sign -DHAVE_MONOTONIC_CLOCK  -I../common -I/usr/include -I/usr/include/mysql conftest.c >&5
configure:5929: $? = 0
configure:5929: result: yes
configure:5929: checking mysql.h presence
configure:5929: gcc -E  -I../common -I/usr/include -I/usr/include/mysql conftest.c
configure:5929: $? = 0
configure:5929: result: yes
configure:5929: checking for mysql.h
configure:5929: result: yes
configure:5940: checking MySQL library (required)
configure:5943: result: yes (5.0.95)
configure:5972: checking for library containing pcre_study
configure:6003: gcc -o conftest -g -O2 -DMAXCONN=16384 -pipe -ffast-math -Wall -march=i686 -DHAS_TLS -Wno-switch -fno-strict-aliasing -DHAVE_SETRLIMIT -DHAVE_STRNLEN  -Wno-pointer-sign -DHAVE_MONOTONIC_CLOCK  -I../common -I/usr/include  -march=i686 -L/usr/lib -lpthread conftest.c -lpthread -lpthread -lpthread -lpthread -lpthread -lpthread -lpthread -lrt -lm -lz  >&5
/tmp/ccUxac6x.o: In function `main':
/home/boholro/conftest.c:47: undefined reference to `pcre_study'
collect2: ld returned 1 exit status
configure:6003: $? = 1
configure: failed program was:
| /* confdefs.h */
| #define PACKAGE_NAME ""
| #define PACKAGE_TARNAME ""
| #define PACKAGE_VERSION ""
| #define PACKAGE_STRING ""
| #define PACKAGE_BUGREPORT ""
| #define PACKAGE_URL ""
| #define STDC_HEADERS 1
| #define HAVE_SYS_TYPES_H 1
| #define HAVE_SYS_STAT_H 1
| #define HAVE_STDLIB_H 1
| #define HAVE_STRING_H 1
| #define HAVE_MEMORY_H 1
| #define HAVE_STRINGS_H 1
| #define HAVE_INTTYPES_H 1
| #define HAVE_STDINT_H 1
| #define HAVE_UNISTD_H 1
| #define __EXTENSIONS__ 1
| #define _ALL_SOURCE 1
| #define _GNU_SOURCE 1
| #define _POSIX_PTHREAD_SEMANTICS 1
| #define _TANDEM_SOURCE 1
| #define HAVE_USELOCALE 1
| #define HAVE_NEWLOCALE 1
| #define HAVE_FREELOCALE 1
| #define HAVE_XLOCALE_H 1
| #define HAVE_LIBZ 1
| #define HAVE_LIBPTHREAD 1
| #define HAVE_LIBPTHREAD 1
| #define HAVE_LIBPTHREAD 1
| #define HAVE_LIBPTHREAD 1
| #define HAVE_LIBPTHREAD 1
| #define HAVE_LIBPTHREAD 1
| #define HAVE_LIBPTHREAD 1
| /* end confdefs.h.  */
| 
| /* Override any GCC internal prototype to avoid an error.
|    Use char because int might match the return type of a GCC
|    builtin and then its argument prototype would still apply.  */
| #ifdef __cplusplus
| extern "C"
| #endif
| char pcre_study ();
| int
| main ()
| {
| return pcre_study ();
|   ;
|   return 0;
| }
configure:6003: gcc -o conftest -g -O2 -DMAXCONN=16384 -pipe -ffast-math -Wall -march=i686 -DHAS_TLS -Wno-switch -fno-strict-aliasing -DHAVE_SETRLIMIT -DHAVE_STRNLEN  -Wno-pointer-sign -DHAVE_MONOTONIC_CLOCK  -I../common -I/usr/include  -march=i686 -L/usr/lib -lpthread conftest.c -lpcre  -lpthread -lpthread -lpthread -lpthread -lpthread -lpthread -lpthread -lrt -lm -lz  >&5
configure:6003: $? = 0
configure:6020: result: -lpcre
configure:6081: checking PCRE library (optional)
configure:6085: result: yes (6.6)
configure:6108: checking host OS
configure:6111: result: Linux
configure:6136: checking for MinGW
configure:6147: result: no
configure:6153: Configure finish, CFLAG= -g -O2 -DMAXCONN=16384 -pipe -ffast-math -Wall -march=i686 -DHAS_TLS -Wno-switch -fno-strict-aliasing -DHAVE_SETRLIMIT -DHAVE_STRNLEN  -Wno-pointer-sign -DHAVE_MONOTONIC_CLOCK
configure:6307: creating ./config.status

## ---------------------- ##
## Running config.status. ##
## ---------------------- ##

This file was extended by config.status, which was
generated by GNU Autoconf 2.69.  Invocation command line was

  CONFIG_FILES    = 
  CONFIG_HEADERS  = 
  CONFIG_LINKS    = 
  CONFIG_COMMANDS = 
  $ ./config.status 

on boholro

config.status:746: creating Makefile
config.status:746: creating src/common/Makefile
config.status:746: creating 3rdparty/mt19937ar/Makefile
config.status:746: creating 3rdparty/libconfig/Makefile
config.status:746: creating src/char/Makefile
config.status:746: creating src/login/Makefile
config.status:746: creating src/map/Makefile
config.status:746: creating src/tool/Makefile
config.status:746: creating src/test/Makefile

## ---------------- ##
## Cache variables. ##
## ---------------- ##

ac_cv_c_bigendian=no
ac_cv_c_compiler_gnu=yes
ac_cv_env_CC_set=
ac_cv_env_CC_value=
ac_cv_env_CFLAGS_set=
ac_cv_env_CFLAGS_value=
ac_cv_env_CPPFLAGS_set=
ac_cv_env_CPPFLAGS_value=
ac_cv_env_CPP_set=
ac_cv_env_CPP_value=
ac_cv_env_LDFLAGS_set=
ac_cv_env_LDFLAGS_value=
ac_cv_env_LIBS_set=
ac_cv_env_LIBS_value=
ac_cv_env_build_alias_set=
ac_cv_env_build_alias_value=
ac_cv_env_host_alias_set=
ac_cv_env_host_alias_value=
ac_cv_env_target_alias_set=
ac_cv_env_target_alias_value=
ac_cv_func_freelocale=yes
ac_cv_func_newlocale=yes
ac_cv_func_setrlimit=yes
ac_cv_func_strnlen=yes
ac_cv_func_uselocale=yes
ac_cv_header_inttypes_h=yes
ac_cv_header_memory_h=yes
ac_cv_header_minix_config_h=no
ac_cv_header_mysql_h=yes
ac_cv_header_stdc=yes
ac_cv_header_stdint_h=yes
ac_cv_header_stdlib_h=yes
ac_cv_header_string_h=yes
ac_cv_header_strings_h=yes
ac_cv_header_sys_stat_h=yes
ac_cv_header_sys_types_h=yes
ac_cv_header_unistd_h=yes
ac_cv_header_xlocale_h=yes
ac_cv_header_zlib_h=yes
ac_cv_lib_mysqlclient_mysql_init=yes
ac_cv_lib_pthread_pthread_attr_destroy=yes
ac_cv_lib_pthread_pthread_attr_init=yes
ac_cv_lib_pthread_pthread_attr_setstacksize=yes
ac_cv_lib_pthread_pthread_cancel=yes
ac_cv_lib_pthread_pthread_create=yes
ac_cv_lib_pthread_pthread_join=yes
ac_cv_lib_pthread_pthread_sigmask=yes
ac_cv_lib_z_inflateEnd=yes
ac_cv_objext=o
ac_cv_path_AR=/usr/bin/ar
ac_cv_path_EGREP='/bin/grep -E'
ac_cv_path_GREP=/bin/grep
ac_cv_path_MYSQL_CONFIG_HOME=/usr/bin/mysql_config
ac_cv_prog_CPP='gcc -E'
ac_cv_prog_ac_ct_CC=gcc
ac_cv_prog_cc_c89=
ac_cv_prog_cc_g=yes
ac_cv_prog_make_make_set=yes
ac_cv_safe_to_define___extensions__=yes
ac_cv_search_clock_gettime=-lrt
ac_cv_search_pcre_study=-lpcre
ac_cv_search_sqrt=-lm

## ----------------- ##
## Output variables. ##
## ----------------- ##

AR='/usr/bin/ar'
CC='gcc'
CFLAGS='-g -O2 -DMAXCONN=16384 -pipe -ffast-math -Wall -march=i686 -DHAS_TLS -Wno-switch -fno-strict-aliasing -DHAVE_SETRLIMIT -DHAVE_STRNLEN  -Wno-pointer-sign -DHAVE_MONOTONIC_CLOCK'
CPP='gcc -E'
CPPFLAGS=' -I../common -I/usr/include'
DEFS='-DPACKAGE_NAME=\"\" -DPACKAGE_TARNAME=\"\" -DPACKAGE_VERSION=\"\" -DPACKAGE_STRING=\"\" -DPACKAGE_BUGREPORT=\"\" -DPACKAGE_URL=\"\" -DSTDC_HEADERS=1 -DHAVE_SYS_TYPES_H=1 -DHAVE_SYS_STAT_H=1 -DHAVE_STDLIB_H=1 -DHAVE_STRING_H=1 -DHAVE_MEMORY_H=1 -DHAVE_STRINGS_H=1 -DHAVE_INTTYPES_H=1 -DHAVE_STDINT_H=1 -DHAVE_UNISTD_H=1 -D__EXTENSIONS__=1 -D_ALL_SOURCE=1 -D_GNU_SOURCE=1 -D_POSIX_PTHREAD_SEMANTICS=1 -D_TANDEM_SOURCE=1 -DHAVE_USELOCALE=1 -DHAVE_NEWLOCALE=1 -DHAVE_FREELOCALE=1 -DHAVE_XLOCALE_H=1 -DHAVE_LIBZ=1 -DHAVE_LIBPTHREAD=1 -DHAVE_LIBPTHREAD=1 -DHAVE_LIBPTHREAD=1 -DHAVE_LIBPTHREAD=1 -DHAVE_LIBPTHREAD=1 -DHAVE_LIBPTHREAD=1 -DHAVE_LIBPTHREAD=1'
DLLEXT='.so'
ECHO_C=''
ECHO_N='-n'
ECHO_T=''
EGREP='/bin/grep -E'
EXEEXT=''
GREP='/bin/grep'
HAVE_MYSQL='yes'
HAVE_PCRE='yes'
LDFLAGS=' -march=i686 -L/usr/lib -lpthread'
LIBOBJS=''
LIBS='-lpcre -lpthread -lpthread -lpthread -lpthread -lpthread -lpthread -lpthread -lrt -lm -lz  -ldl'
LTLIBOBJS=''
MYSQL_CFLAGS='-I/usr/include/mysql'
MYSQL_CONFIG_HOME='/usr/bin/mysql_config'
MYSQL_LIBS='-rdynamic -L/usr/lib/mysql -lmysqlclient -lz -lcrypt -lnsl -lm -L/usr/lib -lssl -lcrypto'
MYSQL_VERSION='5.0.95'
OBJEXT='o'
PACKAGE_BUGREPORT=''
PACKAGE_NAME=''
PACKAGE_STRING=''
PACKAGE_TARNAME=''
PACKAGE_URL=''
PACKAGE_VERSION=''
PATH_SEPARATOR=':'
PCRE_CFLAGS=''
PCRE_LIBS='-lpcre'
PCRE_VERSION='6.6'
SET_MAKE=''
SHELL='/bin/sh'
ac_ct_CC='gcc'
bindir='${exec_prefix}/bin'
build_alias=''
datadir='${datarootdir}'
datarootdir='${prefix}/share'
docdir='${datarootdir}/doc/${PACKAGE}'
dvidir='${docdir}'
exec_prefix='${prefix}'
host_alias=''
htmldir='${docdir}'
includedir='${prefix}/include'
infodir='${datarootdir}/info'
libdir='${exec_prefix}/lib'
libexecdir='${exec_prefix}/libexec'
localedir='${datarootdir}/locale'
localstatedir='${prefix}/var'
mandir='${datarootdir}/man'
oldincludedir='/usr/include'
pdfdir='${docdir}'
prefix='/usr/local'
program_transform_name='s,x,x,'
psdir='${docdir}'
sbindir='${exec_prefix}/sbin'
sharedstatedir='${prefix}/com'
sysconfdir='${prefix}/etc'
target_alias=''

## ----------- ##
## confdefs.h. ##
## ----------- ##

/* confdefs.h */
#define PACKAGE_NAME ""
#define PACKAGE_TARNAME ""
#define PACKAGE_VERSION ""
#define PACKAGE_STRING ""
#define PACKAGE_BUGREPORT ""
#define PACKAGE_URL ""
#define STDC_HEADERS 1
#define HAVE_SYS_TYPES_H 1
#define HAVE_SYS_STAT_H 1
#define HAVE_STDLIB_H 1
#define HAVE_STRING_H 1
#define HAVE_MEMORY_H 1
#define HAVE_STRINGS_H 1
#define HAVE_INTTYPES_H 1
#define HAVE_STDINT_H 1
#define HAVE_UNISTD_H 1
#define __EXTENSIONS__ 1
#define _ALL_SOURCE 1
#define _GNU_SOURCE 1
#define _POSIX_PTHREAD_SEMANTICS 1
#define _TANDEM_SOURCE 1
#define HAVE_USELOCALE 1
#define HAVE_NEWLOCALE 1
#define HAVE_FREELOCALE 1
#define HAVE_XLOCALE_H 1
#define HAVE_LIBZ 1
#define HAVE_LIBPTHREAD 1
#define HAVE_LIBPTHREAD 1
#define HAVE_LIBPTHREAD 1
#define HAVE_LIBPTHREAD 1
#define HAVE_LIBPTHREAD 1
#define HAVE_LIBPTHREAD 1
#define HAVE_LIBPTHREAD 1

configure: exit 0
