..\login-server_sql.pdb
D:\BOHOLRO\BOHOLRO\VCPROJ-10\LOGIN-SERVER_SQL\DEBUG\VC100.PDB
D:\boholro\vcproj-10\..\login-server_sql.exe
D:\boholro\vcproj-10\login-server_sql\Debug\account_sql.obj
D:\boholro\vcproj-10\login-server_sql\Debug\CL.4412.read.1.tlog
D:\boholro\vcproj-10\login-server_sql\Debug\CL.4412.write.1.tlog
D:\boholro\vcproj-10\login-server_sql\Debug\CL.488.read.1.tlog
D:\boholro\vcproj-10\login-server_sql\Debug\CL.488.write.1.tlog
D:\boholro\vcproj-10\login-server_sql\Debug\cl.command.1.tlog
D:\boholro\vcproj-10\login-server_sql\Debug\CL.read.1.tlog
D:\boholro\vcproj-10\login-server_sql\Debug\cl.write.1.tlog
D:\boholro\vcproj-10\login-server_sql\Debug\cli.obj
D:\boholro\vcproj-10\login-server_sql\Debug\core.obj
D:\boholro\vcproj-10\login-server_sql\Debug\db.obj
D:\boholro\vcproj-10\login-server_sql\Debug\ers.obj
D:\boholro\vcproj-10\login-server_sql\Debug\grammar.obj
D:\boholro\vcproj-10\login-server_sql\Debug\ipban_sql.obj
D:\boholro\vcproj-10\login-server_sql\Debug\libconfig.obj
D:\boholro\vcproj-10\login-server_sql\Debug\link.command.1.tlog
D:\boholro\vcproj-10\login-server_sql\Debug\link.read.1.tlog
D:\boholro\vcproj-10\login-server_sql\Debug\link.write.1.tlog
D:\boholro\vcproj-10\login-server_sql\Debug\link-cvtres.read.1.tlog
D:\boholro\vcproj-10\login-server_sql\Debug\link-cvtres.write.1.tlog
D:\boholro\vcproj-10\login-server_sql\Debug\login.obj
D:\boholro\vcproj-10\login-server_sql\Debug\loginlog_sql.obj
D:\boholro\vcproj-10\login-server_sql\Debug\login-server_sql.exe.embed.manifest
D:\boholro\vcproj-10\login-server_sql\Debug\login-server_sql.exe.embed.manifest.res
D:\boholro\vcproj-10\login-server_sql\Debug\login-server_sql.exe.intermediate.manifest
D:\boholro\vcproj-10\login-server_sql\Debug\login-server_sql_manifest.rc
D:\boholro\vcproj-10\login-server_sql\Debug\malloc.obj
D:\boholro\vcproj-10\login-server_sql\Debug\md5calc.obj
D:\boholro\vcproj-10\login-server_sql\Debug\mempool.obj
D:\boholro\vcproj-10\login-server_sql\Debug\msg_conf.obj
D:\boholro\vcproj-10\login-server_sql\Debug\mt.command.1.tlog
D:\boholro\vcproj-10\login-server_sql\Debug\mt.read.1.tlog
D:\boholro\vcproj-10\login-server_sql\Debug\mt.write.1.tlog
D:\boholro\vcproj-10\login-server_sql\Debug\mt19937ar.obj
D:\boholro\vcproj-10\login-server_sql\Debug\mutex.obj
D:\boholro\vcproj-10\login-server_sql\Debug\nullpo.obj
D:\boholro\vcproj-10\login-server_sql\Debug\raconf.obj
D:\boholro\vcproj-10\login-server_sql\Debug\random.obj
D:\boholro\vcproj-10\login-server_sql\Debug\rc.command.1.tlog
D:\boholro\vcproj-10\login-server_sql\Debug\rc.read.1.tlog
D:\boholro\vcproj-10\login-server_sql\Debug\rc.write.1.tlog
D:\boholro\vcproj-10\login-server_sql\Debug\scanctx.obj
D:\boholro\vcproj-10\login-server_sql\Debug\scanner.obj
D:\boholro\vcproj-10\login-server_sql\Debug\showmsg.obj
D:\boholro\vcproj-10\login-server_sql\Debug\socket.obj
D:\boholro\vcproj-10\login-server_sql\Debug\sql.obj
D:\boholro\vcproj-10\login-server_sql\Debug\strbuf.obj
D:\boholro\vcproj-10\login-server_sql\Debug\strlib.obj
D:\boholro\vcproj-10\login-server_sql\Debug\thread.obj
D:\boholro\vcproj-10\login-server_sql\Debug\timer.obj
D:\boholro\vcproj-10\login-server_sql\Debug\utils.obj
D:\boholro\vcproj-10\login-server_sql\Debug\vc100.idb
D:\boholro\vcproj-10\login-server_sql\Debug\vc100.pdb
D:\TRUNK\LOGIN-SERVER_SQL.EXE
D:\TRUNK\LOGIN-SERVER_SQL.ILK
D:\TRUNK\LOGIN-SERVER_SQL.PDB
D:\TRUNK\VCPROJ-10\LOGIN-SERVER_SQL\DEBUG\LOGIN-SERVER_SQL.EXE.EMBED.MANIFEST
D:\TRUNK\VCPROJ-10\LOGIN-SERVER_SQL\DEBUG\LOGIN-SERVER_SQL.EXE.EMBED.MANIFEST.RES
D:\TRUNK\VCPROJ-10\LOGIN-SERVER_SQL\DEBUG\LOGIN-SERVER_SQL.EXE.INTERMEDIATE.MANIFEST
D:\TRUNK\VCPROJ-10\LOGIN-SERVER_SQL\DEBUG\VC100.PDB
