..\map-server_sql.pdb
D:\BOHOLRO\MAP-SERVER_SQL.EXE
D:\BOHOLRO\MAP-SERVER_SQL.PDB
D:\boholro\vcproj-10\..\map-server_sql.exe
D:\boholro\vcproj-10\map-server_sql\Release\atcommand.obj
D:\boholro\vcproj-10\map-server_sql\Release\battle.obj
D:\boholro\vcproj-10\map-server_sql\Release\battleground.obj
D:\boholro\vcproj-10\map-server_sql\Release\buyingstore.obj
D:\boholro\vcproj-10\map-server_sql\Release\cashshop.obj
D:\boholro\vcproj-10\map-server_sql\Release\channel.obj
D:\boholro\vcproj-10\map-server_sql\Release\chat.obj
D:\boholro\vcproj-10\map-server_sql\Release\chrif.obj
D:\boholro\vcproj-10\map-server_sql\Release\CL.2248.read.1.tlog
D:\boholro\vcproj-10\map-server_sql\Release\CL.2248.write.1.tlog
D:\boholro\vcproj-10\map-server_sql\Release\CL.3448.read.1.tlog
D:\boholro\vcproj-10\map-server_sql\Release\CL.3448.write.1.tlog
D:\boholro\vcproj-10\map-server_sql\Release\cl.command.1.tlog
D:\boholro\vcproj-10\map-server_sql\Release\CL.read.1.tlog
D:\boholro\vcproj-10\map-server_sql\Release\cl.write.1.tlog
D:\boholro\vcproj-10\map-server_sql\Release\cli.obj
D:\boholro\vcproj-10\map-server_sql\Release\clif.obj
D:\boholro\vcproj-10\map-server_sql\Release\conf.obj
D:\boholro\vcproj-10\map-server_sql\Release\core.obj
D:\boholro\vcproj-10\map-server_sql\Release\date.obj
D:\boholro\vcproj-10\map-server_sql\Release\db.obj
D:\boholro\vcproj-10\map-server_sql\Release\des.obj
D:\boholro\vcproj-10\map-server_sql\Release\duel.obj
D:\boholro\vcproj-10\map-server_sql\Release\elemental.obj
D:\boholro\vcproj-10\map-server_sql\Release\ers.obj
D:\boholro\vcproj-10\map-server_sql\Release\grammar.obj
D:\boholro\vcproj-10\map-server_sql\Release\grfio.obj
D:\boholro\vcproj-10\map-server_sql\Release\guild.obj
D:\boholro\vcproj-10\map-server_sql\Release\homunculus.obj
D:\boholro\vcproj-10\map-server_sql\Release\instance.obj
D:\boholro\vcproj-10\map-server_sql\Release\intif.obj
D:\boholro\vcproj-10\map-server_sql\Release\itemdb.obj
D:\boholro\vcproj-10\map-server_sql\Release\libconfig.obj
D:\boholro\vcproj-10\map-server_sql\Release\link.command.1.tlog
D:\boholro\vcproj-10\map-server_sql\Release\link.read.1.tlog
D:\boholro\vcproj-10\map-server_sql\Release\link.write.1.tlog
D:\boholro\vcproj-10\map-server_sql\Release\log.obj
D:\boholro\vcproj-10\map-server_sql\Release\mail.obj
D:\boholro\vcproj-10\map-server_sql\Release\malloc.obj
D:\boholro\vcproj-10\map-server_sql\Release\map.obj
D:\boholro\vcproj-10\map-server_sql\Release\mapindex.obj
D:\boholro\vcproj-10\map-server_sql\Release\mapreg_sql.obj
D:\BOHOLRO\VCPROJ-10\MAP-SERVER_SQL\RELEASE\MAP-SERVER_SQL.EXE.INTERMEDIATE.MANIFEST
D:\boholro\vcproj-10\map-server_sql\Release\map-server_sql.write.1.tlog
D:\boholro\vcproj-10\map-server_sql\Release\md5calc.obj
D:\boholro\vcproj-10\map-server_sql\Release\mempool.obj
D:\boholro\vcproj-10\map-server_sql\Release\mercenary.obj
D:\boholro\vcproj-10\map-server_sql\Release\mob.obj
D:\boholro\vcproj-10\map-server_sql\Release\msg_conf.obj
D:\boholro\vcproj-10\map-server_sql\Release\mt.command.1.tlog
D:\boholro\vcproj-10\map-server_sql\Release\mt.read.1.tlog
D:\boholro\vcproj-10\map-server_sql\Release\mt.write.1.tlog
D:\boholro\vcproj-10\map-server_sql\Release\mt19937ar.obj
D:\boholro\vcproj-10\map-server_sql\Release\mutex.obj
D:\boholro\vcproj-10\map-server_sql\Release\npc.obj
D:\boholro\vcproj-10\map-server_sql\Release\npc_chat.obj
D:\boholro\vcproj-10\map-server_sql\Release\nullpo.obj
D:\boholro\vcproj-10\map-server_sql\Release\party.obj
D:\boholro\vcproj-10\map-server_sql\Release\path.obj
D:\boholro\vcproj-10\map-server_sql\Release\pc.obj
D:\boholro\vcproj-10\map-server_sql\Release\pc_groups.obj
D:\boholro\vcproj-10\map-server_sql\Release\pet.obj
D:\boholro\vcproj-10\map-server_sql\Release\quest.obj
D:\boholro\vcproj-10\map-server_sql\Release\raconf.obj
D:\boholro\vcproj-10\map-server_sql\Release\random.obj
D:\boholro\vcproj-10\map-server_sql\Release\scanctx.obj
D:\boholro\vcproj-10\map-server_sql\Release\scanner.obj
D:\boholro\vcproj-10\map-server_sql\Release\script.obj
D:\boholro\vcproj-10\map-server_sql\Release\searchstore.obj
D:\boholro\vcproj-10\map-server_sql\Release\showmsg.obj
D:\boholro\vcproj-10\map-server_sql\Release\skill.obj
D:\boholro\vcproj-10\map-server_sql\Release\socket.obj
D:\boholro\vcproj-10\map-server_sql\Release\sql.obj
D:\boholro\vcproj-10\map-server_sql\Release\status.obj
D:\boholro\vcproj-10\map-server_sql\Release\storage.obj
D:\boholro\vcproj-10\map-server_sql\Release\strbuf.obj
D:\boholro\vcproj-10\map-server_sql\Release\strlib.obj
D:\boholro\vcproj-10\map-server_sql\Release\thread.obj
D:\boholro\vcproj-10\map-server_sql\Release\timer.obj
D:\boholro\vcproj-10\map-server_sql\Release\trade.obj
D:\boholro\vcproj-10\map-server_sql\Release\unit.obj
D:\boholro\vcproj-10\map-server_sql\Release\utils.obj
D:\BOHOLRO\VCPROJ-10\MAP-SERVER_SQL\RELEASE\VC100.PDB
D:\boholro\vcproj-10\map-server_sql\Release\vending.obj
