..\mapcache.pdb
D:\boholro\vcproj-10\..\mapcache.exe
D:\boholro\vcproj-10\mapcache\Debug\CL.4476.read.1.tlog
D:\boholro\vcproj-10\mapcache\Debug\CL.4476.write.1.tlog
D:\boholro\vcproj-10\mapcache\Debug\CL.5100.read.1.tlog
D:\boholro\vcproj-10\mapcache\Debug\CL.5100.write.1.tlog
D:\boholro\vcproj-10\mapcache\Debug\cl.command.1.tlog
D:\boholro\vcproj-10\mapcache\Debug\CL.read.1.tlog
D:\boholro\vcproj-10\mapcache\Debug\cl.write.1.tlog
D:\boholro\vcproj-10\mapcache\Debug\core.obj
D:\boholro\vcproj-10\mapcache\Debug\des.obj
D:\boholro\vcproj-10\mapcache\Debug\grfio.obj
D:\boholro\vcproj-10\mapcache\Debug\link.3524.read.1.tlog
D:\boholro\vcproj-10\mapcache\Debug\link.3524.write.1.tlog
D:\boholro\vcproj-10\mapcache\Debug\link.3524-cvtres.read.1.tlog
D:\boholro\vcproj-10\mapcache\Debug\link.3524-cvtres.write.1.tlog
D:\boholro\vcproj-10\mapcache\Debug\link.command.1.tlog
D:\boholro\vcproj-10\mapcache\Debug\link.read.1.tlog
D:\boholro\vcproj-10\mapcache\Debug\link.write.1.tlog
D:\boholro\vcproj-10\mapcache\Debug\link-cvtres.read.1.tlog
D:\boholro\vcproj-10\mapcache\Debug\link-cvtres.write.1.tlog
D:\boholro\vcproj-10\mapcache\Debug\malloc.obj
D:\boholro\vcproj-10\mapcache\Debug\mapcache.exe.embed.manifest
D:\boholro\vcproj-10\mapcache\Debug\mapcache.exe.embed.manifest.res
D:\boholro\vcproj-10\mapcache\Debug\mapcache.exe.intermediate.manifest
D:\boholro\vcproj-10\mapcache\Debug\mapcache.obj
D:\boholro\vcproj-10\mapcache\Debug\mapcache_manifest.rc
D:\boholro\vcproj-10\mapcache\Debug\mt.command.1.tlog
D:\boholro\vcproj-10\mapcache\Debug\mt.read.1.tlog
D:\boholro\vcproj-10\mapcache\Debug\mt.write.1.tlog
D:\boholro\vcproj-10\mapcache\Debug\rc.command.1.tlog
D:\boholro\vcproj-10\mapcache\Debug\rc.read.1.tlog
D:\boholro\vcproj-10\mapcache\Debug\rc.write.1.tlog
D:\boholro\vcproj-10\mapcache\Debug\showmsg.obj
D:\boholro\vcproj-10\mapcache\Debug\strlib.obj
D:\boholro\vcproj-10\mapcache\Debug\utils.obj
D:\boholro\vcproj-10\mapcache\Debug\vc100.idb
D:\boholro\vcproj-10\mapcache\Debug\vc100.pdb
D:\TRUNK\MAPCACHE.EXE
D:\TRUNK\MAPCACHE.ILK
D:\TRUNK\MAPCACHE.PDB
D:\TRUNK\VCPROJ-10\MAPCACHE\DEBUG\MAPCACHE.EXE.EMBED.MANIFEST
D:\TRUNK\VCPROJ-10\MAPCACHE\DEBUG\MAPCACHE.EXE.EMBED.MANIFEST.RES
D:\TRUNK\VCPROJ-10\MAPCACHE\DEBUG\MAPCACHE.EXE.INTERMEDIATE.MANIFEST
D:\TRUNK\VCPROJ-10\MAPCACHE\DEBUG\VC100.PDB
