..\mapcache.pdb
D:\BOHOLRO\MAPCACHE.EXE
D:\BOHOLRO\MAPCACHE.PDB
D:\boholro\vcproj-10\..\mapcache.exe
D:\boholro\vcproj-10\mapcache\Release\CL.1780.read.1.tlog
D:\boholro\vcproj-10\mapcache\Release\CL.1780.write.1.tlog
D:\boholro\vcproj-10\mapcache\Release\CL.2576.read.1.tlog
D:\boholro\vcproj-10\mapcache\Release\CL.2576.write.1.tlog
D:\boholro\vcproj-10\mapcache\Release\cl.command.1.tlog
D:\boholro\vcproj-10\mapcache\Release\CL.read.1.tlog
D:\boholro\vcproj-10\mapcache\Release\cl.write.1.tlog
D:\boholro\vcproj-10\mapcache\Release\core.obj
D:\boholro\vcproj-10\mapcache\Release\des.obj
D:\boholro\vcproj-10\mapcache\Release\grfio.obj
D:\boholro\vcproj-10\mapcache\Release\link.command.1.tlog
D:\boholro\vcproj-10\mapcache\Release\link.read.1.tlog
D:\boholro\vcproj-10\mapcache\Release\link.write.1.tlog
D:\boholro\vcproj-10\mapcache\Release\malloc.obj
D:\BOHOLRO\VCPROJ-10\MAPCACHE\RELEASE\MAPCACHE.EXE.INTERMEDIATE.MANIFEST
D:\boholro\vcproj-10\mapcache\Release\mapcache.obj
D:\boholro\vcproj-10\mapcache\Release\mapcache.write.1.tlog
D:\boholro\vcproj-10\mapcache\Release\mt.command.1.tlog
D:\boholro\vcproj-10\mapcache\Release\mt.read.1.tlog
D:\boholro\vcproj-10\mapcache\Release\mt.write.1.tlog
D:\boholro\vcproj-10\mapcache\Release\showmsg.obj
D:\boholro\vcproj-10\mapcache\Release\strlib.obj
D:\boholro\vcproj-10\mapcache\Release\utils.obj
D:\BOHOLRO\VCPROJ-10\MAPCACHE\RELEASE\VC100.PDB
