..\map-server_sql.pdb
D:\BOHOLRO\BOHOLRO\VCPROJ-10\MAP-SERVER_SQL\DEBUG\VC100.PDB
D:\BOHOLRO\VCPROJ-10\MAP-SERVER_SQL\DEBUG\ATCOMMAND.OBJ
D:\BOHOLRO\VCPROJ-10\MAP-SERVER_SQL\DEBUG\BATTLE.OBJ
D:\BOHOLRO\VCPROJ-10\MAP-SERVER_SQL\DEBUG\BATTLEGROUND.OBJ
D:\BOHOLRO\VCPROJ-10\MAP-SERVER_SQL\DEBUG\BUYINGSTORE.OBJ
D:\BOHOLRO\VCPROJ-10\MAP-SERVER_SQL\DEBUG\CASHSHOP.OBJ
D:\BOHOLRO\VCPROJ-10\MAP-SERVER_SQL\DEBUG\CHANNEL.OBJ
D:\BOHOLRO\VCPROJ-10\MAP-SERVER_SQL\DEBUG\CHAT.OBJ
D:\BOHOLRO\VCPROJ-10\MAP-SERVER_SQL\DEBUG\CHRIF.OBJ
D:\boholro\vcproj-10\map-server_sql\Debug\CL.1260.read.1.tlog
D:\boholro\vcproj-10\map-server_sql\Debug\CL.1260.write.1.tlog
D:\boholro\vcproj-10\map-server_sql\Debug\CL.1784.read.1.tlog
D:\boholro\vcproj-10\map-server_sql\Debug\CL.1784.write.1.tlog
D:\boholro\vcproj-10\map-server_sql\Debug\CL.472.read.1.tlog
D:\boholro\vcproj-10\map-server_sql\Debug\CL.472.write.1.tlog
D:\boholro\vcproj-10\map-server_sql\Debug\CL.4792.read.1.tlog
D:\boholro\vcproj-10\map-server_sql\Debug\CL.4792.write.1.tlog
D:\boholro\vcproj-10\map-server_sql\Debug\CL.4892.read.1.tlog
D:\boholro\vcproj-10\map-server_sql\Debug\CL.4892.write.1.tlog
D:\boholro\vcproj-10\map-server_sql\Debug\CL.5132.read.1.tlog
D:\boholro\vcproj-10\map-server_sql\Debug\CL.5132.write.1.tlog
D:\boholro\vcproj-10\map-server_sql\Debug\cl.command.1.tlog
D:\boholro\vcproj-10\map-server_sql\Debug\CL.read.1.tlog
D:\boholro\vcproj-10\map-server_sql\Debug\cl.write.1.tlog
D:\BOHOLRO\VCPROJ-10\MAP-SERVER_SQL\DEBUG\CLI.OBJ
D:\BOHOLRO\VCPROJ-10\MAP-SERVER_SQL\DEBUG\CLIF.OBJ
D:\BOHOLRO\VCPROJ-10\MAP-SERVER_SQL\DEBUG\CONF.OBJ
D:\BOHOLRO\VCPROJ-10\MAP-SERVER_SQL\DEBUG\CORE.OBJ
D:\BOHOLRO\VCPROJ-10\MAP-SERVER_SQL\DEBUG\DATE.OBJ
D:\BOHOLRO\VCPROJ-10\MAP-SERVER_SQL\DEBUG\DB.OBJ
D:\BOHOLRO\VCPROJ-10\MAP-SERVER_SQL\DEBUG\DES.OBJ
D:\BOHOLRO\VCPROJ-10\MAP-SERVER_SQL\DEBUG\DUEL.OBJ
D:\BOHOLRO\VCPROJ-10\MAP-SERVER_SQL\DEBUG\ELEMENTAL.OBJ
D:\BOHOLRO\VCPROJ-10\MAP-SERVER_SQL\DEBUG\ERS.OBJ
D:\BOHOLRO\VCPROJ-10\MAP-SERVER_SQL\DEBUG\GRAMMAR.OBJ
D:\BOHOLRO\VCPROJ-10\MAP-SERVER_SQL\DEBUG\GRFIO.OBJ
D:\BOHOLRO\VCPROJ-10\MAP-SERVER_SQL\DEBUG\GUILD.OBJ
D:\BOHOLRO\VCPROJ-10\MAP-SERVER_SQL\DEBUG\HOMUNCULUS.OBJ
D:\BOHOLRO\VCPROJ-10\MAP-SERVER_SQL\DEBUG\INSTANCE.OBJ
D:\BOHOLRO\VCPROJ-10\MAP-SERVER_SQL\DEBUG\INTIF.OBJ
D:\BOHOLRO\VCPROJ-10\MAP-SERVER_SQL\DEBUG\ITEMDB.OBJ
D:\BOHOLRO\VCPROJ-10\MAP-SERVER_SQL\DEBUG\LIBCONFIG.OBJ
D:\boholro\vcproj-10\map-server_sql\Debug\link.command.1.tlog
D:\boholro\vcproj-10\map-server_sql\Debug\link.read.1.tlog
D:\boholro\vcproj-10\map-server_sql\Debug\link.write.1.tlog
D:\boholro\vcproj-10\map-server_sql\Debug\link-cvtres.read.1.tlog
D:\boholro\vcproj-10\map-server_sql\Debug\link-cvtres.write.1.tlog
D:\BOHOLRO\VCPROJ-10\MAP-SERVER_SQL\DEBUG\LOG.OBJ
D:\BOHOLRO\VCPROJ-10\MAP-SERVER_SQL\DEBUG\MAIL.OBJ
D:\BOHOLRO\VCPROJ-10\MAP-SERVER_SQL\DEBUG\MALLOC.OBJ
D:\BOHOLRO\VCPROJ-10\MAP-SERVER_SQL\DEBUG\MAP.OBJ
D:\BOHOLRO\VCPROJ-10\MAP-SERVER_SQL\DEBUG\MAPINDEX.OBJ
D:\BOHOLRO\VCPROJ-10\MAP-SERVER_SQL\DEBUG\MAPREG_SQL.OBJ
D:\boholro\vcproj-10\map-server_sql\Debug\map-server_sql.exe.embed.manifest
D:\BOHOLRO\VCPROJ-10\MAP-SERVER_SQL\DEBUG\MAP-SERVER_SQL.EXE.EMBED.MANIFEST.RES
D:\boholro\vcproj-10\map-server_sql\Debug\map-server_sql.exe.intermediate.manifest
D:\boholro\vcproj-10\map-server_sql\Debug\map-server_sql.vcxprojResolveAssemblyReference.cache
D:\boholro\vcproj-10\map-server_sql\Debug\map-server_sql.write.1.tlog
D:\boholro\vcproj-10\map-server_sql\Debug\map-server_sql_manifest.rc
D:\BOHOLRO\VCPROJ-10\MAP-SERVER_SQL\DEBUG\MD5CALC.OBJ
D:\BOHOLRO\VCPROJ-10\MAP-SERVER_SQL\DEBUG\MEMPOOL.OBJ
D:\BOHOLRO\VCPROJ-10\MAP-SERVER_SQL\DEBUG\MERCENARY.OBJ
D:\BOHOLRO\VCPROJ-10\MAP-SERVER_SQL\DEBUG\MOB.OBJ
D:\BOHOLRO\VCPROJ-10\MAP-SERVER_SQL\DEBUG\MSG_CONF.OBJ
D:\boholro\vcproj-10\map-server_sql\Debug\mt.command.1.tlog
D:\boholro\vcproj-10\map-server_sql\Debug\mt.read.1.tlog
D:\boholro\vcproj-10\map-server_sql\Debug\mt.write.1.tlog
D:\BOHOLRO\VCPROJ-10\MAP-SERVER_SQL\DEBUG\MT19937AR.OBJ
D:\BOHOLRO\VCPROJ-10\MAP-SERVER_SQL\DEBUG\MUTEX.OBJ
D:\BOHOLRO\VCPROJ-10\MAP-SERVER_SQL\DEBUG\NPC.OBJ
D:\BOHOLRO\VCPROJ-10\MAP-SERVER_SQL\DEBUG\NPC_CHAT.OBJ
D:\BOHOLRO\VCPROJ-10\MAP-SERVER_SQL\DEBUG\NULLPO.OBJ
D:\BOHOLRO\VCPROJ-10\MAP-SERVER_SQL\DEBUG\PARTY.OBJ
D:\BOHOLRO\VCPROJ-10\MAP-SERVER_SQL\DEBUG\PATH.OBJ
D:\BOHOLRO\VCPROJ-10\MAP-SERVER_SQL\DEBUG\PC.OBJ
D:\BOHOLRO\VCPROJ-10\MAP-SERVER_SQL\DEBUG\PC_GROUPS.OBJ
D:\BOHOLRO\VCPROJ-10\MAP-SERVER_SQL\DEBUG\PET.OBJ
D:\BOHOLRO\VCPROJ-10\MAP-SERVER_SQL\DEBUG\QUEST.OBJ
D:\BOHOLRO\VCPROJ-10\MAP-SERVER_SQL\DEBUG\RACONF.OBJ
D:\BOHOLRO\VCPROJ-10\MAP-SERVER_SQL\DEBUG\RANDOM.OBJ
D:\boholro\vcproj-10\map-server_sql\Debug\rc.command.1.tlog
D:\boholro\vcproj-10\map-server_sql\Debug\rc.read.1.tlog
D:\boholro\vcproj-10\map-server_sql\Debug\rc.write.1.tlog
D:\BOHOLRO\VCPROJ-10\MAP-SERVER_SQL\DEBUG\SCANCTX.OBJ
D:\BOHOLRO\VCPROJ-10\MAP-SERVER_SQL\DEBUG\SCANNER.OBJ
D:\BOHOLRO\VCPROJ-10\MAP-SERVER_SQL\DEBUG\SCRIPT.OBJ
D:\BOHOLRO\VCPROJ-10\MAP-SERVER_SQL\DEBUG\SEARCHSTORE.OBJ
D:\BOHOLRO\VCPROJ-10\MAP-SERVER_SQL\DEBUG\SHOWMSG.OBJ
D:\BOHOLRO\VCPROJ-10\MAP-SERVER_SQL\DEBUG\SKILL.OBJ
D:\BOHOLRO\VCPROJ-10\MAP-SERVER_SQL\DEBUG\SOCKET.OBJ
D:\BOHOLRO\VCPROJ-10\MAP-SERVER_SQL\DEBUG\SQL.OBJ
D:\BOHOLRO\VCPROJ-10\MAP-SERVER_SQL\DEBUG\STATUS.OBJ
D:\BOHOLRO\VCPROJ-10\MAP-SERVER_SQL\DEBUG\STORAGE.OBJ
D:\BOHOLRO\VCPROJ-10\MAP-SERVER_SQL\DEBUG\STRBUF.OBJ
D:\BOHOLRO\VCPROJ-10\MAP-SERVER_SQL\DEBUG\STRLIB.OBJ
D:\BOHOLRO\VCPROJ-10\MAP-SERVER_SQL\DEBUG\THREAD.OBJ
D:\BOHOLRO\VCPROJ-10\MAP-SERVER_SQL\DEBUG\TIMER.OBJ
D:\BOHOLRO\VCPROJ-10\MAP-SERVER_SQL\DEBUG\TRADE.OBJ
D:\BOHOLRO\VCPROJ-10\MAP-SERVER_SQL\DEBUG\UNIT.OBJ
D:\BOHOLRO\VCPROJ-10\MAP-SERVER_SQL\DEBUG\UTILS.OBJ
D:\boholro\vcproj-10\map-server_sql\Debug\vc100.idb
D:\BOHOLRO\VCPROJ-10\MAP-SERVER_SQL\DEBUG\VC100.PDB
D:\BOHOLRO\VCPROJ-10\MAP-SERVER_SQL\DEBUG\VENDING.OBJ
D:\TRUNK\MAP-SERVER_SQL.EXE
D:\TRUNK\MAP-SERVER_SQL.ILK
D:\TRUNK\MAP-SERVER_SQL.PDB
D:\TRUNK\VCPROJ-10\MAP-SERVER_SQL\DEBUG\MAP-SERVER_SQL.EXE.EMBED.MANIFEST
D:\TRUNK\VCPROJ-10\MAP-SERVER_SQL\DEBUG\MAP-SERVER_SQL.EXE.EMBED.MANIFEST.RES
D:\TRUNK\VCPROJ-10\MAP-SERVER_SQL\DEBUG\MAP-SERVER_SQL.EXE.INTERMEDIATE.MANIFEST
D:\TRUNK\VCPROJ-10\MAP-SERVER_SQL\DEBUG\VC100.PDB
