..\login-server_sql.pdb
D:\BOHOLRO\LOGIN-SERVER_SQL.EXE
D:\BOHOLRO\LOGIN-SERVER_SQL.PDB
D:\boholro\vcproj-10\..\login-server_sql.exe
D:\boholro\vcproj-10\login-server_sql\Release\account_sql.obj
D:\boholro\vcproj-10\login-server_sql\Release\CL.4344.read.1.tlog
D:\boholro\vcproj-10\login-server_sql\Release\CL.4344.write.1.tlog
D:\boholro\vcproj-10\login-server_sql\Release\CL.5248.read.1.tlog
D:\boholro\vcproj-10\login-server_sql\Release\CL.5248.write.1.tlog
D:\boholro\vcproj-10\login-server_sql\Release\cl.command.1.tlog
D:\boholro\vcproj-10\login-server_sql\Release\CL.read.1.tlog
D:\boholro\vcproj-10\login-server_sql\Release\cl.write.1.tlog
D:\boholro\vcproj-10\login-server_sql\Release\cli.obj
D:\boholro\vcproj-10\login-server_sql\Release\core.obj
D:\boholro\vcproj-10\login-server_sql\Release\db.obj
D:\boholro\vcproj-10\login-server_sql\Release\ers.obj
D:\boholro\vcproj-10\login-server_sql\Release\grammar.obj
D:\boholro\vcproj-10\login-server_sql\Release\ipban_sql.obj
D:\boholro\vcproj-10\login-server_sql\Release\libconfig.obj
D:\boholro\vcproj-10\login-server_sql\Release\link.command.1.tlog
D:\boholro\vcproj-10\login-server_sql\Release\link.read.1.tlog
D:\boholro\vcproj-10\login-server_sql\Release\link.write.1.tlog
D:\boholro\vcproj-10\login-server_sql\Release\login.obj
D:\boholro\vcproj-10\login-server_sql\Release\loginlog_sql.obj
D:\BOHOLRO\VCPROJ-10\LOGIN-SERVER_SQL\RELEASE\LOGIN-SERVER_SQL.EXE.INTERMEDIATE.MANIFEST
D:\boholro\vcproj-10\login-server_sql\Release\login-server_sql.vcxprojResolveAssemblyReference.cache
D:\boholro\vcproj-10\login-server_sql\Release\login-server_sql.write.1.tlog
D:\boholro\vcproj-10\login-server_sql\Release\malloc.obj
D:\boholro\vcproj-10\login-server_sql\Release\md5calc.obj
D:\boholro\vcproj-10\login-server_sql\Release\mempool.obj
D:\boholro\vcproj-10\login-server_sql\Release\msg_conf.obj
D:\boholro\vcproj-10\login-server_sql\Release\mt.command.1.tlog
D:\boholro\vcproj-10\login-server_sql\Release\mt.read.1.tlog
D:\boholro\vcproj-10\login-server_sql\Release\mt.write.1.tlog
D:\boholro\vcproj-10\login-server_sql\Release\mt19937ar.obj
D:\boholro\vcproj-10\login-server_sql\Release\mutex.obj
D:\boholro\vcproj-10\login-server_sql\Release\nullpo.obj
D:\boholro\vcproj-10\login-server_sql\Release\raconf.obj
D:\boholro\vcproj-10\login-server_sql\Release\random.obj
D:\boholro\vcproj-10\login-server_sql\Release\scanctx.obj
D:\boholro\vcproj-10\login-server_sql\Release\scanner.obj
D:\boholro\vcproj-10\login-server_sql\Release\showmsg.obj
D:\boholro\vcproj-10\login-server_sql\Release\socket.obj
D:\boholro\vcproj-10\login-server_sql\Release\sql.obj
D:\boholro\vcproj-10\login-server_sql\Release\strbuf.obj
D:\boholro\vcproj-10\login-server_sql\Release\strlib.obj
D:\boholro\vcproj-10\login-server_sql\Release\thread.obj
D:\boholro\vcproj-10\login-server_sql\Release\timer.obj
D:\boholro\vcproj-10\login-server_sql\Release\utils.obj
D:\BOHOLRO\VCPROJ-10\LOGIN-SERVER_SQL\RELEASE\VC100.PDB
